-------------------------------------------------------------------------------
Test set: com.example.demo3.PallindromeCheckTest
-------------------------------------------------------------------------------
Tests run: 4, Failures: 1, Errors: 0, Skipped: 0, Time elapsed: 0.01 s <<< FAILURE! - in com.example.demo3.PallindromeCheckTest
testIsPallindrome{String}[4]  Time elapsed: 0.006 s  <<< FAILURE!
org.opentest4j.AssertionFailedError: expected: <true> but was: <false>
	at com.example.demo3.PallindromeCheckTest.testIsPallindrome(PallindromeCheckTest.java:16)

